This file contains any messages produced by compilers while
running configure, to aid debugging if configure makes a mistake.

It was created by aMule configure 2.3.2, which was
generated by GNU Autoconf 2.69.  Invocation command line was

  $ /var/cache/acbs/build/acbs.8408lmvo/aMule-2.3.2/configure 

## --------- ##
## Platform. ##
## --------- ##

hostname = general
uname -m = x86_64
uname -r = 4.9.6-aosc-main
uname -s = Linux
uname -v = #3 SMP PREEMPT Tue Jan 31 14:41:48 CST 2017

/usr/bin/uname -p = unknown
/bin/uname -X     = unknown

/bin/arch              = unknown
/usr/bin/arch -k       = unknown
/usr/convex/getsysinfo = unknown
/usr/bin/hostinfo      = unknown
/bin/machine           = unknown
/usr/bin/oslevel       = unknown
/bin/universe          = unknown

PATH: /bin
PATH: /sbin
PATH: /usr/bin
PATH: /usr/sbin
PATH: /usr/local/bin
PATH: /usr/local/sbin
PATH: /usr/bin/site_perl
PATH: /usr/bin/vendor_perl
PATH: /usr/bin/core_perl


## ----------- ##
## Core tests. ##
## ----------- ##

configure:3052: checking for a BSD-compatible install
configure:3120: result: /bin/install -c
configure:3131: checking whether build environment is sane
configure:3186: result: yes
configure:3337: checking for a thread-safe mkdir -p
configure:3376: result: /bin/mkdir -p
configure:3383: checking for gawk
configure:3399: found /bin/gawk
configure:3410: result: gawk
configure:3421: checking whether make sets $(MAKE)
configure:3443: result: yes
configure:3472: checking whether make supports nested variables
configure:3489: result: yes
configure:3506: error: source directory already configured; run "make distclean" there first

## ---------------- ##
## Cache variables. ##
## ---------------- ##

ac_cv_env_BOOST_ROOT_set=
ac_cv_env_BOOST_ROOT_value=
ac_cv_env_CCC_set=
ac_cv_env_CCC_value=
ac_cv_env_CC_set=
ac_cv_env_CC_value=
ac_cv_env_CFLAGS_set=
ac_cv_env_CFLAGS_value=
ac_cv_env_CPPFLAGS_set=
ac_cv_env_CPPFLAGS_value=
ac_cv_env_CPP_set=
ac_cv_env_CPP_value=
ac_cv_env_CXXCPP_set=
ac_cv_env_CXXCPP_value=
ac_cv_env_CXXFLAGS_set=
ac_cv_env_CXXFLAGS_value=
ac_cv_env_CXX_set=
ac_cv_env_CXX_value=
ac_cv_env_LDFLAGS_set=
ac_cv_env_LDFLAGS_value=
ac_cv_env_LIBS_set=
ac_cv_env_LIBS_value=
ac_cv_env_PKG_CONFIG_set=
ac_cv_env_PKG_CONFIG_value=
ac_cv_env_RCFLAGS_set=
ac_cv_env_RCFLAGS_value=
ac_cv_env_RC_set=
ac_cv_env_RC_value=
ac_cv_env_YACC_set=
ac_cv_env_YACC_value=
ac_cv_env_YFLAGS_set=
ac_cv_env_YFLAGS_value=
ac_cv_env_build_alias_set=
ac_cv_env_build_alias_value=
ac_cv_env_host_alias_set=
ac_cv_env_host_alias_value=
ac_cv_env_target_alias_set=
ac_cv_env_target_alias_value=
ac_cv_path_install='/bin/install -c'
ac_cv_path_mkdir=/bin/mkdir
ac_cv_prog_AWK=gawk
ac_cv_prog_make_make_set=yes
am_cv_make_support_nested_variables=yes

## ----------------- ##
## Output variables. ##
## ----------------- ##

ACLOCAL=''
ALCC_FALSE=''
ALCC_MANPAGES=''
ALCC_TRUE=''
ALC_FALSE=''
ALC_MANPAGES=''
ALC_TRUE=''
ALLOCA=''
AMDEPBACKSLASH=''
AMDEP_FALSE=''
AMDEP_TRUE=''
AMTAR=''
AMULECMD_MANPAGES=''
AMULEWEB_DEFS=''
AMULE_DAEMON_FALSE=''
AMULE_DAEMON_MANPAGES=''
AMULE_DAEMON_TRUE=''
AMULE_GUI_FALSE=''
AMULE_GUI_MANPAGES=''
AMULE_GUI_TRUE=''
AM_BACKSLASH='\'
AM_DEFAULT_V='$(AM_DEFAULT_VERBOSITY)'
AM_DEFAULT_VERBOSITY='1'
AM_V='$(V)'
AR=''
AUTOCONF=''
AUTOHEADER=''
AUTOMAKE=''
AWK='gawk'
BFD_CPPFLAGS=''
BFD_LIBS=''
BOOST_CPPFLAGS=''
BOOST_LDPATH=''
BOOST_ROOT=''
BOOST_SYSTEM_LDFLAGS=''
BOOST_SYSTEM_LDPATH=''
BOOST_SYSTEM_LIBS=''
BUILD_CC=''
BUILD_CFLAGS=''
BUILD_CPPFLAGS=''
BUILD_EXEEXT=''
BUILD_INCLUDED_LIBINTL=''
BUILD_LDFLAGS=''
CAS_DEFS=''
CAS_FALSE=''
CAS_MANPAGES=''
CAS_TRUE=''
CATOBJEXT=''
CC=''
CCDEPMODE=''
CFLAGS=''
COMPILE_CMD_FALSE=''
COMPILE_CMD_TRUE=''
COMPILE_LIB_COMMON_FALSE=''
COMPILE_LIB_COMMON_TRUE=''
COMPILE_LIB_EC_FALSE=''
COMPILE_LIB_EC_TRUE=''
COMPILE_NLS_FALSE=''
COMPILE_NLS_TRUE=''
CPP=''
CPPFLAGS=''
CRYPTOPP_CPPFLAGS=''
CRYPTOPP_LDFLAGS=''
CRYPTOPP_LIBS=''
CXX=''
CXXCPP=''
CXXDEPMODE=''
CXXFLAGS=''
CYGPATH_W=''
DATADIRNAME=''
DEBUGFLAG=''
DEFS=''
DEPDIR=''
DISTCHECK_CONFIGURE_FLAGS=''
ECHO_C=''
ECHO_N='-n'
ECHO_T=''
ED2K_FALSE=''
ED2K_MANPAGES=''
ED2K_TRUE=''
EGREP=''
EXEEXT=''
FILEVIEW_FALSE=''
FILEVIEW_TRUE=''
GDLIB_CFLAGS=''
GDLIB_CONFIG_PATH=''
GDLIB_LDFLAGS=''
GDLIB_LIBS=''
GENCAT=''
GENERATE_FLEX_HEADER_FALSE=''
GENERATE_FLEX_HEADER_TRUE=''
GEOIP_CPPFLAGS=''
GEOIP_LDFLAGS=''
GEOIP_LIBS=''
GLIBC21=''
GMSGFMT=''
GREP=''
INCINTL=''
INSTALL_DATA='${INSTALL} -m 644'
INSTALL_PROGRAM='${INSTALL}'
INSTALL_SCRIPT='${INSTALL}'
INSTALL_SKINS_FALSE=''
INSTALL_SKINS_TRUE=''
INSTALL_STRIP_PROGRAM='$(install_sh) -c -s'
INSTOBJEXT=''
INTLBISON=''
INTLLIBS=''
INTLOBJS=''
INTL_LIBTOOL_SUFFIX_PREFIX=''
KDE4_CONFIG=''
KDE_APPLNK_PATH=''
KDE_HEADER_DIR=''
KDE_ICON_PATH=''
KDE_MIME_PATH=''
KDE_MODULE_PATH=''
KDE_SERVICE_PATH=''
LD=''
LDFLAGS=''
LEX=''
LEXLIB=''
LEX_OUTPUT_ROOT=''
LIBICONV=''
LIBINTL=''
LIBOBJS=''
LIBPNG_CFLAGS=''
LIBPNG_CONFIG_PATH=''
LIBPNG_LDFLAGS=''
LIBPNG_LIBS=''
LIBS=''
LIBUPNP_CFLAGS=''
LIBUPNP_CPPFLAGS=''
LIBUPNP_LDFLAGS=''
LIBUPNP_LIBS=''
LTLIBICONV=''
LTLIBINTL=''
LTLIBOBJS=''
MAINT=''
MAINTAINER_MODE_FALSE=''
MAINTAINER_MODE_TRUE=''
MAKEINFO=''
MKDIR_P='/bin/mkdir -p'
MKINSTALLDIRS=''
MONOLITHIC_FALSE=''
MONOLITHIC_MANPAGES=''
MONOLITHIC_TRUE=''
MSGFMT=''
MSGMERGE=''
MULECFLAGS=''
MULECPPFLAGS=''
MULECXXFLAGS=''
MULELDFLAGS=''
MULERCFLAGS=''
NEED_CORESERVICES_FALSE=''
NEED_CORESERVICES_TRUE=''
NEED_RC_FALSE=''
NEED_RC_TRUE=''
OBJEXT=''
PACKAGE=''
PACKAGE_BUGREPORT='admin@amule.org'
PACKAGE_NAME='aMule'
PACKAGE_STRING='aMule 2.3.2'
PACKAGE_TARNAME='amule'
PACKAGE_URL=''
PACKAGE_VERSION='2.3.2'
PATH_SEPARATOR=':'
PKG_CONFIG=''
PLASMAMULE_FALSE=''
PLASMAMULE_TRUE=''
POSUB=''
POW_LIB=''
QT_CORE_CXXFLAGS=''
QT_CORE_LIBS=''
QT_DBUS_LDFLAGS=''
QT_GUI_CXXFLAGS=''
QT_GUI_LIBS=''
QT_MOC=''
RANLIB=''
RC=''
RCFLAGS=''
READLINE_LIBS=''
RESOLV_LIB=''
SED=''
SET_MAKE=''
SHELL='/bin/sh'
STRIP=''
SVNDATE=''
SYS_WIN32_FALSE=''
SYS_WIN32_TRUE=''
USE_INCLUDED_LIBINTL=''
USE_NLS=''
VERSION=''
WEBSERVER_MANPAGES=''
WEB_FALSE=''
WEB_TRUE=''
WXBASE_CPPFLAGS=''
WXBASE_LIBS=''
WXCAS_FALSE=''
WXCAS_MANPAGES=''
WXCAS_TRUE=''
WX_CFLAGS=''
WX_CFLAGS_ONLY=''
WX_CONFIG_PATH=''
WX_CPPFLAGS=''
WX_CXXFLAGS=''
WX_CXXFLAGS_ONLY=''
WX_DEBUG=''
WX_LIBS=''
WX_LIBS_STATIC=''
WX_PORT=''
WX_RESCOMP=''
WX_SHARED=''
WX_UNICODE=''
WX_VERSION=''
WX_VERSION_MAJOR=''
WX_VERSION_MICRO=''
WX_VERSION_MINOR=''
XAS_FALSE=''
XAS_TRUE=''
XGETTEXT=''
YACC=''
YFLAGS=''
ZLIB_CPPFLAGS=''
ZLIB_LDFLAGS=''
ZLIB_LIBS=''
ac_ct_BUILD_CC=''
ac_ct_CC=''
ac_ct_CXX=''
am__EXEEXT_FALSE=''
am__EXEEXT_TRUE=''
am__fastdepCC_FALSE=''
am__fastdepCC_TRUE=''
am__fastdepCXX_FALSE=''
am__fastdepCXX_TRUE=''
am__include=''
am__isrc=' -I$(srcdir)'
am__leading_dot='.'
am__nodep=''
am__quote=''
am__tar=''
am__untar=''
bindir='${exec_prefix}/bin'
build=''
build_alias=''
build_cpu=''
build_os=''
build_vendor=''
datadir='${datarootdir}'
datarootdir='${prefix}/share'
docdir='${datarootdir}/doc/${PACKAGE_TARNAME}'
dvidir='${docdir}'
exec_prefix='NONE'
host=''
host_alias=''
host_cpu=''
host_os=''
host_vendor=''
htmldir='${docdir}'
includedir='${prefix}/include'
infodir='${datarootdir}/info'
install_sh='${SHELL} /var/cache/acbs/build/acbs.8408lmvo/aMule-2.3.2/install-sh'
libdir='${exec_prefix}/lib'
libexecdir='${exec_prefix}/libexec'
localedir='${datarootdir}/locale'
localstatedir='${prefix}/var'
mandir='${datarootdir}/man'
mkdir_p=''
oldincludedir='/usr/include'
pdfdir='${docdir}'
prefix='NONE'
program_transform_name='s,x,x,'
psdir='${docdir}'
sbindir='${exec_prefix}/sbin'
sharedstatedir='${prefix}/com'
sysconfdir='${prefix}/etc'
target_alias=''

## ----------- ##
## confdefs.h. ##
## ----------- ##

/* confdefs.h */
#define PACKAGE_NAME "aMule"
#define PACKAGE_TARNAME "amule"
#define PACKAGE_VERSION "2.3.2"
#define PACKAGE_STRING "aMule 2.3.2"
#define PACKAGE_BUGREPORT "admin@amule.org"
#define PACKAGE_URL ""

configure: exit 1
