This file contains any messages produced by compilers while
running configure, to aid debugging if configure makes a mistake.

It was created by wireshark configure 1.12.7, which was
generated by GNU Autoconf 2.69.  Invocation command line was

  $ /var/lib/abbs/build/tmp.PjMQfOL5Tk/wireshark-1.12.7/configure 

## --------- ##
## Platform. ##
## --------- ##

hostname = aosc
uname -m = x86_64
uname -r = 4.1.6-aosc-main
uname -s = Linux
uname -v = #1 SMP PREEMPT Sat Aug 22 00:50:46 UTC 2015

/usr/bin/uname -p = unknown
/bin/uname -X     = unknown

/bin/arch              = unknown
/usr/bin/arch -k       = unknown
/usr/convex/getsysinfo = unknown
/usr/bin/hostinfo      = unknown
/bin/machine           = unknown
/usr/bin/oslevel       = unknown
/bin/universe          = unknown

PATH: /bin
PATH: /sbin
PATH: /usr/bin
PATH: /usr/sbin
PATH: /usr/local/bin
PATH: /usr/local/sbin
PATH: /opt/32/bin


## ----------- ##
## Core tests. ##
## ----------- ##

configure:2826: checking build system type
configure:2840: result: x86_64-unknown-linux-gnu
configure:2860: checking host system type
configure:2873: result: x86_64-unknown-linux-gnu
configure:2893: checking target system type
configure:2906: result: x86_64-unknown-linux-gnu
configure:2949: checking for a BSD-compatible install
configure:3017: result: /bin/install -c
configure:3028: checking whether build environment is sane
configure:3083: result: yes
configure:3234: checking for a thread-safe mkdir -p
configure:3273: result: /bin/mkdir -p
configure:3280: checking for gawk
configure:3296: found /bin/gawk
configure:3307: result: gawk
configure:3318: checking whether make sets $(MAKE)
configure:3340: result: yes
configure:3369: checking whether make supports nested variables
configure:3386: result: yes
configure:3475: checking whether UID '0' is supported by ustar format
configure:3478: result: yes
configure:3485: checking whether GID '0' is supported by ustar format
configure:3488: result: yes
configure:3496: checking how to create a ustar tar archive
configure:3507: tar --version
tar (GNU tar) 1.28
Copyright (C) 2014 Free Software Foundation, Inc.
License GPLv3+: GNU GPL version 3 or later <http://gnu.org/licenses/gpl.html>.
This is free software: you are free to change and redistribute it.
There is NO WARRANTY, to the extent permitted by law.

Written by John Gilmore and Jay Fenlason.
configure:3510: $? = 0
configure:3550: tardir=conftest.dir && eval tar --format=ustar -chf - "$tardir" >conftest.tar
configure:3553: $? = 0
configure:3557: tar -xf - <conftest.tar
configure:3560: $? = 0
configure:3562: cat conftest.dir/file
GrepMe
configure:3565: $? = 0
configure:3578: result: gnutar
configure:3723: checking for gcc
configure:3739: found /bin/gcc
configure:3750: result: gcc
configure:3979: checking for C compiler version
configure:3988: gcc --version >&5
gcc (GCC) 4.9.3 20150626 (AOSC OS, Core)
Copyright (C) 2015 Free Software Foundation, Inc.
This is free software; see the source for copying conditions.  There is NO
warranty; not even for MERCHANTABILITY or FITNESS FOR A PARTICULAR PURPOSE.

configure:3999: $? = 0
configure:3988: gcc -v >&5
Using built-in specs.
COLLECT_GCC=gcc
COLLECT_LTO_WRAPPER=/usr/lib/gcc/x86_64-unknown-linux-gnu/4.9.3/lto-wrapper
Target: x86_64-unknown-linux-gnu
Configured with: ../configure --prefix=/usr --libdir=/usr/lib --libexecdir=/usr/lib --mandir=/usr/share/man --infodir=/usr/share/info --enable-languages=c,c++,fortran,lto --enable-shared --enable-threads=posix --with-system-zlib --enable-__cxa_atexit --disable-libunwind-exceptions --enable-clocale=gnu --disable-libstdcxx-pch --disable-libssp --enable-gnu-unique-object --enable-linker-build-id --enable-cloog-backend=isl --disable-cloog-version-check --enable-lto --enable-plugin --enable-install-libiberty --with-linker-hash-style=gnu --disable-multilib --disable-werror --enable-checking=release --with-default-libstdcxx-abi=c++98
Thread model: posix
gcc version 4.9.3 20150626 (AOSC OS, Core) (GCC) 
configure:3999: $? = 0
configure:3988: gcc -V >&5
gcc: error: unrecognized command line option '-V'
gcc: fatal error: no input files
compilation terminated.
configure:3999: $? = 1
configure:3988: gcc -qversion >&5
gcc: error: unrecognized command line option '-qversion'
gcc: fatal error: no input files
compilation terminated.
configure:3999: $? = 1
configure:4019: checking whether the C compiler works
configure:4041: gcc    conftest.c  >&5
configure:4045: $? = 0
configure:4093: result: yes
configure:4096: checking for C compiler default output file name
configure:4098: result: a.out
configure:4104: checking for suffix of executables
configure:4111: gcc -o conftest    conftest.c  >&5
configure:4115: $? = 0
configure:4137: result: 
configure:4159: checking whether we are cross compiling
configure:4167: gcc -o conftest    conftest.c  >&5
configure:4171: $? = 0
configure:4178: ./conftest
configure:4182: $? = 0
configure:4197: result: no
configure:4202: checking for suffix of object files
configure:4224: gcc -c   conftest.c >&5
configure:4228: $? = 0
configure:4249: result: o
configure:4253: checking whether we are using the GNU C compiler
configure:4272: gcc -c   conftest.c >&5
configure:4272: $? = 0
configure:4281: result: yes
configure:4290: checking whether gcc accepts -g
configure:4310: gcc -c -g  conftest.c >&5
configure:4310: $? = 0
configure:4351: result: yes
configure:4368: checking for gcc option to accept ISO C89
configure:4431: gcc  -c -g -O2  conftest.c >&5
configure:4431: $? = 0
configure:4444: result: none needed
configure:4469: checking whether gcc understands -c and -o together
configure:4491: gcc -c conftest.c -o conftest2.o
configure:4494: $? = 0
configure:4491: gcc -c conftest.c -o conftest2.o
configure:4494: $? = 0
configure:4506: result: yes
configure:4534: checking for style of include used by make
configure:4562: result: GNU
configure:4588: checking dependency style of gcc
configure:4699: result: gcc3
configure:4773: checking for g++
configure:4789: found /bin/g++
configure:4800: result: g++
configure:4827: checking for C++ compiler version
configure:4836: g++ --version >&5
g++ (GCC) 4.9.3 20150626 (AOSC OS, Core)
Copyright (C) 2015 Free Software Foundation, Inc.
This is free software; see the source for copying conditions.  There is NO
warranty; not even for MERCHANTABILITY or FITNESS FOR A PARTICULAR PURPOSE.

configure:4847: $? = 0
configure:4836: g++ -v >&5
Using built-in specs.
COLLECT_GCC=g++
COLLECT_LTO_WRAPPER=/usr/lib/gcc/x86_64-unknown-linux-gnu/4.9.3/lto-wrapper
Target: x86_64-unknown-linux-gnu
Configured with: ../configure --prefix=/usr --libdir=/usr/lib --libexecdir=/usr/lib --mandir=/usr/share/man --infodir=/usr/share/info --enable-languages=c,c++,fortran,lto --enable-shared --enable-threads=posix --with-system-zlib --enable-__cxa_atexit --disable-libunwind-exceptions --enable-clocale=gnu --disable-libstdcxx-pch --disable-libssp --enable-gnu-unique-object --enable-linker-build-id --enable-cloog-backend=isl --disable-cloog-version-check --enable-lto --enable-plugin --enable-install-libiberty --with-linker-hash-style=gnu --disable-multilib --disable-werror --enable-checking=release --with-default-libstdcxx-abi=c++98
Thread model: posix
gcc version 4.9.3 20150626 (AOSC OS, Core) (GCC) 
configure:4847: $? = 0
configure:4836: g++ -V >&5
g++: error: unrecognized command line option '-V'
g++: fatal error: no input files
compilation terminated.
configure:4847: $? = 1
configure:4836: g++ -qversion >&5
g++: error: unrecognized command line option '-qversion'
g++: fatal error: no input files
compilation terminated.
configure:4847: $? = 1
configure:4851: checking whether we are using the GNU C++ compiler
configure:4870: g++ -c   conftest.cpp >&5
configure:4870: $? = 0
configure:4879: result: yes
configure:4888: checking whether g++ accepts -g
configure:4908: g++ -c -g  conftest.cpp >&5
configure:4908: $? = 0
configure:4949: result: yes
configure:4974: checking dependency style of g++
configure:5085: result: gcc3
configure:5105: checking how to run the C preprocessor
configure:5136: gcc -E  conftest.c
configure:5136: $? = 0
configure:5150: gcc -E  conftest.c
conftest.c:14:28: fatal error: ac_nonexistent.h: No such file or directory
 #include <ac_nonexistent.h>
                            ^
compilation terminated.
configure:5150: $? = 1
configure: failed program was:
| /* confdefs.h */
| #define PACKAGE_NAME "wireshark"
| #define PACKAGE_TARNAME "wireshark"
| #define PACKAGE_VERSION "1.12.7"
| #define PACKAGE_STRING "wireshark 1.12.7"
| #define PACKAGE_BUGREPORT "http://bugs.wireshark.org/"
| #define PACKAGE_URL "http://www.wireshark.org/"
| #define PACKAGE "wireshark"
| #define VERSION "1.12.7"
| #define VERSION_MAJOR 1
| #define VERSION_MINOR 12
| #define VERSION_MICRO 7
| /* end confdefs.h.  */
| #include <ac_nonexistent.h>
configure:5175: result: gcc -E
configure:5195: gcc -E  conftest.c
configure:5195: $? = 0
configure:5209: gcc -E  conftest.c
conftest.c:14:28: fatal error: ac_nonexistent.h: No such file or directory
 #include <ac_nonexistent.h>
                            ^
compilation terminated.
configure:5209: $? = 1
configure: failed program was:
| /* confdefs.h */
| #define PACKAGE_NAME "wireshark"
| #define PACKAGE_TARNAME "wireshark"
| #define PACKAGE_VERSION "1.12.7"
| #define PACKAGE_STRING "wireshark 1.12.7"
| #define PACKAGE_BUGREPORT "http://bugs.wireshark.org/"
| #define PACKAGE_URL "http://www.wireshark.org/"
| #define PACKAGE "wireshark"
| #define VERSION "1.12.7"
| #define VERSION_MAJOR 1
| #define VERSION_MINOR 12
| #define VERSION_MICRO 7
| /* end confdefs.h.  */
| #include <ac_nonexistent.h>
configure:5242: checking if gcc is Clang
configure:5253: gcc -c -g -O2  conftest.c >&5
conftest.c:17:1: error: unknown type name 'CC'
 CC is not __clang__
 ^
conftest.c:17:7: error: expected '=', ',', ';', 'asm' or '__attribute__' before 'not'
 CC is not __clang__
       ^
conftest.c:17:7: error: unknown type name 'not'
configure:5253: $? = 1
configure: failed program was:
| /* confdefs.h */
| #define PACKAGE_NAME "wireshark"
| #define PACKAGE_TARNAME "wireshark"
| #define PACKAGE_VERSION "1.12.7"
| #define PACKAGE_STRING "wireshark 1.12.7"
| #define PACKAGE_BUGREPORT "http://bugs.wireshark.org/"
| #define PACKAGE_URL "http://www.wireshark.org/"
| #define PACKAGE "wireshark"
| #define VERSION "1.12.7"
| #define VERSION_MAJOR 1
| #define VERSION_MINOR 12
| #define VERSION_MICRO 7
| /* end confdefs.h.  */
| 
| 
| #ifndef __clang__
| CC is not __clang__
| #endif
| 
configure:5263: result: no
configure:5266: checking if g++ is Clang
configure:5283: g++ -c -g -O2  conftest.cpp >&5
conftest.cpp:17:1: error: 'CXX' does not name a type
 CXX is not __clang__
 ^
configure:5283: $? = 1
configure: failed program was:
| /* confdefs.h */
| #define PACKAGE_NAME "wireshark"
| #define PACKAGE_TARNAME "wireshark"
| #define PACKAGE_VERSION "1.12.7"
| #define PACKAGE_STRING "wireshark 1.12.7"
| #define PACKAGE_BUGREPORT "http://bugs.wireshark.org/"
| #define PACKAGE_URL "http://www.wireshark.org/"
| #define PACKAGE "wireshark"
| #define VERSION "1.12.7"
| #define VERSION_MAJOR 1
| #define VERSION_MINOR 12
| #define VERSION_MICRO 7
| /* end confdefs.h.  */
| 
| 
| #ifndef __clang__
| CXX is not __clang__
| #endif
| 
configure:5299: result: no
configure:5355: checking how to print strings
configure:5382: result: printf
configure:5403: checking for a sed that does not truncate output
configure:5467: result: /bin/sed
configure:5485: checking for grep that handles long lines and -e
configure:5543: result: /bin/grep
configure:5548: checking for egrep
configure:5610: result: /bin/grep -E
configure:5615: checking for fgrep
configure:5677: result: /bin/grep -F
configure:5712: checking for ld used by gcc
configure:5779: result: /bin/ld
configure:5786: checking if the linker (/bin/ld) is GNU ld
configure:5801: result: yes
configure:5813: checking for BSD- or MS-compatible name lister (nm)
configure:5867: result: /bin/nm -B
configure:5997: checking the name lister (/bin/nm -B) interface
configure:6004: gcc -c -g -O2  conftest.c >&5
configure:6007: /bin/nm -B "conftest.o"
configure:6010: output
0000000000000000 B some_variable
configure:6017: result: BSD nm
configure:6020: checking whether ln -s works
configure:6024: result: yes
configure:6032: checking the maximum length of command line arguments
configure:6163: result: 1572864
configure:6211: checking how to convert x86_64-unknown-linux-gnu file names to x86_64-unknown-linux-gnu format
configure:6251: result: func_convert_file_noop
configure:6258: checking how to convert x86_64-unknown-linux-gnu file names to toolchain format
configure:6278: result: func_convert_file_noop
configure:6285: checking for /bin/ld option to reload object files
configure:6292: result: -r
configure:6366: checking for objdump
configure:6382: found /bin/objdump
configure:6393: result: objdump
configure:6425: checking how to recognize dependent libraries
configure:6625: result: pass_all
configure:6710: checking for dlltool
configure:6740: result: no
configure:6770: checking how to associate runtime and link libraries
configure:6797: result: printf %s\n
configure:6857: checking for ar
configure:6873: found /bin/ar
configure:6884: result: ar
configure:6921: checking for archiver @FILE support
configure:6938: gcc -c -g -O2  conftest.c >&5
configure:6938: $? = 0
configure:6941: ar cru libconftest.a @conftest.lst >&5
configure:6944: $? = 0
configure:6949: ar cru libconftest.a @conftest.lst >&5
ar: conftest.o: No such file or directory
configure:6952: $? = 1
configure:6964: result: @
configure:7022: checking for strip
configure:7038: found /bin/strip
configure:7049: result: strip
configure:7121: checking for ranlib
configure:7137: found /bin/ranlib
configure:7148: result: ranlib
configure:7250: checking command to parse /bin/nm -B output from gcc object
configure:7403: gcc -c -g -O2  conftest.c >&5
configure:7406: $? = 0
configure:7410: /bin/nm -B conftest.o \| sed -n -e 's/^.*[ ]\([ABCDGIRSTW][ABCDGIRSTW]*\)[ ][ ]*\([_A-Za-z][_A-Za-z0-9]*\)$/\1 \2 \2/p' | sed '/ __gnu_lto/d' \> conftest.nm
configure:7413: $? = 0
configure:7479: gcc -o conftest -g -O2   conftest.c conftstm.o >&5
configure:7482: $? = 0
configure:7520: result: ok
configure:7567: checking for sysroot
configure:7597: result: no
configure:7604: checking for a working dd
configure:7642: result: /bin/dd
configure:7646: checking how to truncate binary pipes
configure:7661: result: /bin/dd bs=4096 count=1
configure:7797: gcc -c -g -O2  conftest.c >&5
configure:7800: $? = 0
configure:7990: checking for mt
configure:8020: result: no
configure:8040: checking if : is a manifest tool
configure:8046: : '-?'
configure:8054: result: no
configure:8727: checking for ANSI C header files
configure:8747: gcc -c -g -O2  conftest.c >&5
configure:8747: $? = 0
configure:8820: gcc -o conftest -g -O2   conftest.c  >&5
configure:8820: $? = 0
configure:8820: ./conftest
configure:8820: $? = 0
configure:8831: result: yes
configure:8844: checking for sys/types.h
configure:8844: gcc -c -g -O2  conftest.c >&5
configure:8844: $? = 0
configure:8844: result: yes
configure:8844: checking for sys/stat.h
configure:8844: gcc -c -g -O2  conftest.c >&5
configure:8844: $? = 0
configure:8844: result: yes
configure:8844: checking for stdlib.h
configure:8844: gcc -c -g -O2  conftest.c >&5
configure:8844: $? = 0
configure:8844: result: yes
configure:8844: checking for string.h
configure:8844: gcc -c -g -O2  conftest.c >&5
configure:8844: $? = 0
configure:8844: result: yes
configure:8844: checking for memory.h
configure:8844: gcc -c -g -O2  conftest.c >&5
configure:8844: $? = 0
configure:8844: result: yes
configure:8844: checking for strings.h
configure:8844: gcc -c -g -O2  conftest.c >&5
configure:8844: $? = 0
configure:8844: result: yes
configure:8844: checking for inttypes.h
configure:8844: gcc -c -g -O2  conftest.c >&5
configure:8844: $? = 0
configure:8844: result: yes
configure:8844: checking for stdint.h
configure:8844: gcc -c -g -O2  conftest.c >&5

## ---------------- ##
## Cache variables. ##
## ---------------- ##

ac_cv_build=x86_64-unknown-linux-gnu
ac_cv_c_compiler_gnu=yes
ac_cv_cxx_compiler_gnu=yes
ac_cv_env_CCC_set=
ac_cv_env_CCC_value=
ac_cv_env_CC_set=
ac_cv_env_CC_value=
ac_cv_env_CFLAGS_set=
ac_cv_env_CFLAGS_value=
ac_cv_env_CPPFLAGS_set=
ac_cv_env_CPPFLAGS_value=
ac_cv_env_CPP_set=
ac_cv_env_CPP_value=
ac_cv_env_CXXCPP_set=
ac_cv_env_CXXCPP_value=
ac_cv_env_CXXFLAGS_set=
ac_cv_env_CXXFLAGS_value=
ac_cv_env_CXX_set=
ac_cv_env_CXX_value=
ac_cv_env_LDFLAGS_set=
ac_cv_env_LDFLAGS_value=
ac_cv_env_LIBGNUTLS_CFLAGS_set=
ac_cv_env_LIBGNUTLS_CFLAGS_value=
ac_cv_env_LIBGNUTLS_LIBS_set=
ac_cv_env_LIBGNUTLS_LIBS_value=
ac_cv_env_LIBNL1_CFLAGS_set=
ac_cv_env_LIBNL1_CFLAGS_value=
ac_cv_env_LIBNL1_LIBS_set=
ac_cv_env_LIBNL1_LIBS_value=
ac_cv_env_LIBNL2_CFLAGS_set=
ac_cv_env_LIBNL2_CFLAGS_value=
ac_cv_env_LIBNL2_LIBS_set=
ac_cv_env_LIBNL2_LIBS_value=
ac_cv_env_LIBNL3_CFLAGS_set=
ac_cv_env_LIBNL3_CFLAGS_value=
ac_cv_env_LIBNL3_LIBS_set=
ac_cv_env_LIBNL3_LIBS_value=
ac_cv_env_LIBS_set=
ac_cv_env_LIBS_value=
ac_cv_env_LT_SYS_LIBRARY_PATH_set=
ac_cv_env_LT_SYS_LIBRARY_PATH_value=
ac_cv_env_PKG_CONFIG_LIBDIR_set=
ac_cv_env_PKG_CONFIG_LIBDIR_value=
ac_cv_env_PKG_CONFIG_PATH_set=
ac_cv_env_PKG_CONFIG_PATH_value=
ac_cv_env_PKG_CONFIG_set=
ac_cv_env_PKG_CONFIG_value=
ac_cv_env_SBC_CFLAGS_set=
ac_cv_env_SBC_CFLAGS_value=
ac_cv_env_SBC_LIBS_set=
ac_cv_env_SBC_LIBS_value=
ac_cv_env_YACC_set=
ac_cv_env_YACC_value=
ac_cv_env_YFLAGS_set=
ac_cv_env_YFLAGS_value=
ac_cv_env_build_alias_set=
ac_cv_env_build_alias_value=
ac_cv_env_host_alias_set=
ac_cv_env_host_alias_value=
ac_cv_env_target_alias_set=
ac_cv_env_target_alias_value=
ac_cv_header_inttypes_h=yes
ac_cv_header_memory_h=yes
ac_cv_header_stdc=yes
ac_cv_header_stdlib_h=yes
ac_cv_header_string_h=yes
ac_cv_header_strings_h=yes
ac_cv_header_sys_stat_h=yes
ac_cv_header_sys_types_h=yes
ac_cv_host=x86_64-unknown-linux-gnu
ac_cv_objext=o
ac_cv_path_EGREP='/bin/grep -E'
ac_cv_path_FGREP='/bin/grep -F'
ac_cv_path_GREP=/bin/grep
ac_cv_path_SED=/bin/sed
ac_cv_path_install='/bin/install -c'
ac_cv_path_lt_DD=/bin/dd
ac_cv_path_mkdir=/bin/mkdir
ac_cv_prog_AWK=gawk
ac_cv_prog_CPP='gcc -E'
ac_cv_prog_ac_ct_AR=ar
ac_cv_prog_ac_ct_CC=gcc
ac_cv_prog_ac_ct_CXX=g++
ac_cv_prog_ac_ct_OBJDUMP=objdump
ac_cv_prog_ac_ct_RANLIB=ranlib
ac_cv_prog_ac_ct_STRIP=strip
ac_cv_prog_cc_c89=
ac_cv_prog_cc_g=yes
ac_cv_prog_cxx_g=yes
ac_cv_prog_make_make_set=yes
ac_cv_target=x86_64-unknown-linux-gnu
am_cv_CC_dependencies_compiler_type=gcc3
am_cv_CXX_dependencies_compiler_type=gcc3
am_cv_make_support_nested_variables=yes
am_cv_prog_cc_c_o=yes
am_cv_prog_tar_ustar=gnutar
lt_cv_ar_at_file=@
lt_cv_deplibs_check_method=pass_all
lt_cv_file_magic_cmd='$MAGIC_CMD'
lt_cv_file_magic_test_file=
lt_cv_ld_reload_flag=-r
lt_cv_nm_interface='BSD nm'
lt_cv_path_LD=/bin/ld
lt_cv_path_NM='/bin/nm -B'
lt_cv_path_mainfest_tool=no
lt_cv_prog_gnu_ld=yes
lt_cv_sharedlib_from_linklib_cmd='printf %s\n'
lt_cv_sys_global_symbol_pipe='sed -n -e '\''s/^.*[	 ]\([ABCDGIRSTW][ABCDGIRSTW]*\)[	 ][	 ]*\([_A-Za-z][_A-Za-z0-9]*\)$/\1 \2 \2/p'\'' | sed '\''/ __gnu_lto/d'\'''
lt_cv_sys_global_symbol_to_c_name_address='sed -n -e '\''s/^: \(.*\) .*$/  {"\1", (void *) 0},/p'\'' -e '\''s/^[ABCDGIRSTW][ABCDGIRSTW]* .* \(.*\)$/  {"\1", (void *) \&\1},/p'\'''
lt_cv_sys_global_symbol_to_c_name_address_lib_prefix='sed -n -e '\''s/^: \(.*\) .*$/  {"\1", (void *) 0},/p'\'' -e '\''s/^[ABCDGIRSTW][ABCDGIRSTW]* .* \(lib.*\)$/  {"\1", (void *) \&\1},/p'\'' -e '\''s/^[ABCDGIRSTW][ABCDGIRSTW]* .* \(.*\)$/  {"lib\1", (void *) \&\1},/p'\'''
lt_cv_sys_global_symbol_to_cdecl='sed -n -e '\''s/^T .* \(.*\)$/extern int \1();/p'\'' -e '\''s/^[ABCDGIRSTW][ABCDGIRSTW]* .* \(.*\)$/extern char \1;/p'\'''
lt_cv_sys_global_symbol_to_import=
lt_cv_sys_max_cmd_len=1572864
lt_cv_to_host_file_cmd=func_convert_file_noop
lt_cv_to_tool_file_cmd=func_convert_file_noop
lt_cv_truncate_bin='/bin/dd bs=4096 count=1'

## ----------------- ##
## Output variables. ##
## ----------------- ##

A2X=''
ACLOCAL='${SHELL} /var/lib/abbs/build/tmp.PjMQfOL5Tk/wireshark-1.12.7/missing aclocal-1.15'
AC_MIN_VERSION='2.60'
ADNS_LIBS=''
AMDEPBACKSLASH='\'
AMDEP_FALSE='#'
AMDEP_TRUE=''
AMTAR='$${TAR-tar}'
AM_BACKSLASH='\'
AM_DEFAULT_V='$(AM_DEFAULT_VERBOSITY)'
AM_DEFAULT_VERBOSITY='1'
AM_V='$(V)'
APPLICATIONSERVICES_FRAMEWORKS=''
AR='ar'
AUTOCONF='${SHELL} /var/lib/abbs/build/tmp.PjMQfOL5Tk/wireshark-1.12.7/missing autoconf'
AUTOHEADER='${SHELL} /var/lib/abbs/build/tmp.PjMQfOL5Tk/wireshark-1.12.7/missing autoheader'
AUTOMAKE='${SHELL} /var/lib/abbs/build/tmp.PjMQfOL5Tk/wireshark-1.12.7/missing automake-1.15'
AWK='gawk'
CC='gcc'
CCDEPMODE='depmode=gcc3'
CC_FOR_BUILD=''
CFLAGS='-g -O2'
CFLAGS_FOR_BUILD=''
CONFIG_ARGS=''
CONFIG_WITH_ARGS=''
COREFOUNDATION_FRAMEWORKS=''
CPP='gcc -E'
CPPFLAGS=''
CXX='g++'
CXXCPP=''
CXXDEPMODE='depmode=gcc3'
CXXFLAGS='-g -O2'
CYGPATH_W='echo'
C_ARES_LIBS=''
DEFS=''
DEPDIR='.deps'
DESKTOP_FILE_INSTALL=''
DLLTOOL='false'
DOXYGEN=''
DSYMUTIL=''
DUMPBIN=''
DUMPCAP_GROUP=''
ECHO_C=''
ECHO_N='-n'
ECHO_T=''
EGREP='/bin/grep -E'
ELINKS=''
ENABLE_STATIC=''
ENABLE_STATIC_FALSE=''
ENABLE_STATIC_TRUE=''
EXEEXT=''
FGREP='/bin/grep -F'
FOP=''
GEOIP_LIBS=''
GETOPT_LO=''
GLIB_CFLAGS=''
GLIB_GENMARSHAL=''
GLIB_LIBS=''
GLIB_MIN_VERSION=''
GLIB_MKENUMS=''
GOBJECT_QUERY=''
GREP='/bin/grep'
GTK2_MIN_VERSION=''
GTK3_MIN_VERSION=''
GTK_CFLAGS=''
GTK_LIBS=''
GUI_CONFIGURE_FLAGS=''
HAVE_A2X=''
HAVE_A2X_FALSE=''
HAVE_A2X_TRUE=''
HAVE_BLESS=''
HAVE_DOXYGEN=''
HAVE_DOXYGEN_FALSE=''
HAVE_DOXYGEN_TRUE=''
HAVE_DPKG_BUILDPACKAGE=''
HAVE_DUMPCAP_GROUP_FALSE=''
HAVE_DUMPCAP_GROUP_TRUE=''
HAVE_ECHLD_FALSE=''
HAVE_ECHLD_TRUE=''
HAVE_ELINKS=''
HAVE_ELINKS_FALSE=''
HAVE_ELINKS_TRUE=''
HAVE_FOP=''
HAVE_FOP_FALSE=''
HAVE_FOP_TRUE=''
HAVE_GTK_FALSE=''
HAVE_GTK_TRUE=''
HAVE_HDIUTIL=''
HAVE_LIBLUA_FALSE=''
HAVE_LIBLUA_TRUE=''
HAVE_LIBPORTAUDIO_FALSE=''
HAVE_LIBPORTAUDIO_TRUE=''
HAVE_LIBPY_FALSE=''
HAVE_LIBPY_TRUE=''
HAVE_LYNX=''
HAVE_LYNX_FALSE=''
HAVE_LYNX_TRUE=''
HAVE_OSX_PACKAGING=''
HAVE_PKGMK=''
HAVE_PKGPROTO=''
HAVE_PKGTRANS=''
HAVE_PLUGINS_FALSE=''
HAVE_PLUGINS_TRUE=''
HAVE_Qt_FALSE=''
HAVE_Qt_TRUE=''
HAVE_RPM=''
HAVE_SVR4_PACKAGING=''
HAVE_W3M=''
HAVE_W3M_FALSE=''
HAVE_W3M_TRUE=''
HAVE_WARNINGS_AS_ERRORS_FALSE=''
HAVE_WARNINGS_AS_ERRORS_TRUE=''
HAVE_XCODEBUILD=''
HAVE_XMLLINT=''
HAVE_XMLLINT_FALSE=''
HAVE_XMLLINT_TRUE=''
HAVE_XSLTPROC=''
HAVE_XSLTPROC_FALSE=''
HAVE_XSLTPROC_TRUE=''
HTML_VIEWER=''
INET_ATON_LO=''
INET_NTOP_LO=''
INET_PTON_LO=''
INSTALL_DATA='${INSTALL} -m 644'
INSTALL_PROGRAM='${INSTALL}'
INSTALL_SCRIPT='${INSTALL}'
INSTALL_STRIP_PROGRAM='$(install_sh) -c -s'
KRB5_CONFIG=''
KRB5_LIBS=''
LD='/bin/ld -m elf_x86_64'
LDFLAGS=''
LDFLAGS_SHAREDLIB=''
LEX=''
LEXLIB=''
LEX_OUTPUT_ROOT=''
LIBCAP_LIBS=''
LIBGCRYPT_CFLAGS=''
LIBGCRYPT_CONFIG=''
LIBGCRYPT_LIBS=''
LIBGNUTLS_CFLAGS=''
LIBGNUTLS_LIBS=''
LIBNL1_CFLAGS=''
LIBNL1_LIBS=''
LIBNL2_CFLAGS=''
LIBNL2_LIBS=''
LIBNL3_CFLAGS=''
LIBNL3_LIBS=''
LIBOBJS=''
LIBS=''
LIBSMI_CFLAGS=''
LIBSMI_LDFLAGS=''
LIBSMI_VERSION=''
LIBTOOL=''
LIBTOOL_DEPS=''
LIPO=''
LN_S='ln -s'
LTLIBOBJS=''
LT_SYS_LIBRARY_PATH=''
LUA_INCLUDES=''
LUA_LIBS=''
LYNX=''
MAKEINFO='${SHELL} /var/lib/abbs/build/tmp.PjMQfOL5Tk/wireshark-1.12.7/missing makeinfo'
MANIFEST_TOOL=':'
MKDIR_P='/bin/mkdir -p'
MOC=''
NEED_GETOPT_LO_FALSE=''
NEED_GETOPT_LO_TRUE=''
NEED_INET_ATON_LO_FALSE=''
NEED_INET_ATON_LO_TRUE=''
NEED_INET_NTOP_LO_FALSE=''
NEED_INET_NTOP_LO_TRUE=''
NEED_INET_PTON_LO_FALSE=''
NEED_INET_PTON_LO_TRUE=''
NEED_STRNCASECMP_LO_FALSE=''
NEED_STRNCASECMP_LO_TRUE=''
NEED_STRPTIME_LO_FALSE=''
NEED_STRPTIME_LO_TRUE=''
NM='/bin/nm -B'
NMEDIT=''
NSL_LIBS=''
OBJDUMP='objdump'
OBJEXT='o'
OSX_APP_FLAGS=''
OSX_DMG_FLAGS=''
OSX_MIN_VERSION=''
OTOOL64=''
OTOOL=''
PACKAGE='wireshark'
PACKAGE_BUGREPORT='http://bugs.wireshark.org/'
PACKAGE_NAME='wireshark'
PACKAGE_STRING='wireshark 1.12.7'
PACKAGE_TARNAME='wireshark'
PACKAGE_URL='http://www.wireshark.org/'
PACKAGE_VERSION='1.12.7'
PATH_SEPARATOR=':'
PCAP_CONFIG=''
PCAP_LIBS=''
PERL=''
PIE_CFLAGS=''
PIE_LDFLAGS=''
PKG_CONFIG=''
PKG_CONFIG_LIBDIR=''
PKG_CONFIG_PATH=''
PLUGIN_LIBS=''
POD2HTML=''
POD2MAN=''
PORTAUDIO_INCLUDES=''
PORTAUDIO_LIBS=''
PYTHON=''
PY_CFLAGS=''
PY_LIBS=''
QT_MIN_VERSION=''
Qt_LIBS=''
RANLIB='ranlib'
RPMBUILD_WITH_ARGS=''
SBC_CFLAGS=''
SBC_LIBS=''
SED='/bin/sed'
SETCAP=''
SETCAP_INSTALL_FALSE=''
SETCAP_INSTALL_TRUE=''
SETUID_INSTALL_FALSE=''
SETUID_INSTALL_TRUE=''
SET_MAKE=''
SHELL='/bin/sh'
SOCKET_LIBS=''
SSL_LIBS=''
STRIP='strip'
STRNCASECMP_LO=''
STRPTIME_C=''
STRPTIME_LO=''
SYSTEMCONFIGURATION_FRAMEWORKS=''
UIC=''
USE_PROFILE_BUILD_FALSE=''
USE_PROFILE_BUILD_TRUE=''
VERSION='1.12.7'
W3M=''
XMLLINT=''
XSLTPROC=''
YACC=''
YACCDUMMY=''
YFLAGS=''
ac_ct_AR='ar'
ac_ct_CC='gcc'
ac_ct_CXX='g++'
ac_ct_DUMPBIN=''
ac_cv_wireshark_have_rpm=''
ac_ws_python_config=''
am__EXEEXT_FALSE=''
am__EXEEXT_TRUE=''
am__fastdepCC_FALSE='#'
am__fastdepCC_TRUE=''
am__fastdepCXX_FALSE='#'
am__fastdepCXX_TRUE=''
am__include='include'
am__isrc=' -I$(srcdir)'
am__leading_dot='.'
am__nodep='_no'
am__quote=''
am__tar='tar --format=ustar -chf - "$$tardir"'
am__untar='tar -xf -'
bindir='${exec_prefix}/bin'
build='x86_64-unknown-linux-gnu'
build_alias=''
build_cpu='x86_64'
build_os='linux-gnu'
build_vendor='unknown'
capinfos_bin=''
capinfos_man=''
captype_bin=''
captype_man=''
datadir='${datarootdir}'
datarootdir='${prefix}/share'
dftest_bin=''
dftest_man=''
docdir='${datarootdir}/doc/${PACKAGE_TARNAME}'
dumpcap_bin=''
dumpcap_man=''
dvidir='${docdir}'
echld_dir=''
echld_test_bin=''
editcap_bin=''
editcap_man=''
exec_prefix='NONE'
host='x86_64-unknown-linux-gnu'
host_alias=''
host_cpu='x86_64'
host_os='linux-gnu'
host_vendor='unknown'
htmldir='${docdir}'
includedir='${prefix}/include'
infodir='${datarootdir}/info'
install_sh='${SHELL} /var/lib/abbs/build/tmp.PjMQfOL5Tk/wireshark-1.12.7/install-sh'
libdir='${exec_prefix}/lib'
libexecdir='${exec_prefix}/libexec'
localedir='${datarootdir}/locale'
localstatedir='${prefix}/var'
mandir='${datarootdir}/man'
mergecap_bin=''
mergecap_man=''
mkdir_p='$(MKDIR_P)'
oldincludedir='/usr/include'
pdfdir='${docdir}'
plugindir=''
prefix='NONE'
program_transform_name='s,x,x,'
psdir='${docdir}'
pythondir=''
randpkt_bin=''
randpkt_man=''
rawshark_bin=''
rawshark_man=''
reordercap_bin=''
reordercap_man=''
sbindir='${exec_prefix}/sbin'
sharedstatedir='${prefix}/com'
sysconfdir='${prefix}/etc'
target='x86_64-unknown-linux-gnu'
target_alias=''
target_cpu='x86_64'
target_os='linux-gnu'
target_vendor='unknown'
text2pcap_bin=''
text2pcap_man=''
tfshark_bin=''
tfshark_man=''
tshark_bin=''
tshark_man=''
wireshark_SUBDIRS=''
wireshark_bin=''
wireshark_man=''
wiresharkfilter_man=''

## ----------- ##
## confdefs.h. ##
## ----------- ##

/* confdefs.h */
#define PACKAGE_NAME "wireshark"
#define PACKAGE_TARNAME "wireshark"
#define PACKAGE_VERSION "1.12.7"
#define PACKAGE_STRING "wireshark 1.12.7"
#define PACKAGE_BUGREPORT "http://bugs.wireshark.org/"
#define PACKAGE_URL "http://www.wireshark.org/"
#define PACKAGE "wireshark"
#define VERSION "1.12.7"
#define VERSION_MAJOR 1
#define VERSION_MINOR 12
#define VERSION_MICRO 7
#define STDC_HEADERS 1
#define HAVE_SYS_TYPES_H 1
#define HAVE_SYS_STAT_H 1
#define HAVE_STDLIB_H 1
#define HAVE_STRING_H 1
#define HAVE_MEMORY_H 1
#define HAVE_STRINGS_H 1
#define HAVE_INTTYPES_H 1

configure: caught signal 2
configure: exit 1
