0 info it worked if it ends with ok
1 verbose cli [ '/usr/bin/node', '/bin/npm', 'search', 'npm' ]
2 info using npm@3.10.7
3 info using node@v6.3.1
4 silly mapToRegistry name -/all
5 silly mapToRegistry using default registry
6 silly mapToRegistry registry https://registry.npmjs.org/
7 silly mapToRegistry data Result {
7 silly mapToRegistry   raw: '-/all',
7 silly mapToRegistry   scope: null,
7 silly mapToRegistry   escapedName: null,
7 silly mapToRegistry   name: null,
7 silly mapToRegistry   rawSpec: '-/all',
7 silly mapToRegistry   spec: '-/all',
7 silly mapToRegistry   type: 'local' }
8 silly mapToRegistry uri https://registry.npmjs.org/-/all
9 info updateIndex /root/.npm/registry.npmjs.org/-/all/.cache.json
10 verbose correctMkdir /root/.npm correctMkdir not in flight; initializing
11 verbose stack TypeError: Cannot read property '_updated' of undefined
11 verbose stack     at /usr/lib/node_modules/npm/lib/cache/update-index.js:61:26
11 verbose stack     at /usr/lib/node_modules/npm/node_modules/graceful-fs/polyfills.js:233:15
11 verbose stack     at FSReqWrap.oncomplete (fs.js:123:15)
12 verbose cwd /usr/lib/abbs/repo/extra-js/nodejs/autobuild
13 error Linux 4.7.0-aosc-main
14 error argv "/usr/bin/node" "/bin/npm" "search" "npm"
15 error node v6.3.1
16 error npm  v3.10.7
17 error Cannot read property '_updated' of undefined
18 error If you need help, you may report this error at:
18 error     <https://github.com/npm/npm/issues>
19 verbose exit [ 1, true ]
