This file contains any messages produced by compilers while
running configure, to aid debugging if configure makes a mistake.

It was created by libXext configure 1.3.3, which was
generated by GNU Autoconf 2.69.  Invocation command line was

  $ /var/lib/abbs/build/tmp.W3XbXWpTRE/dummy/libXext-1.3.3/configure 

## --------- ##
## Platform. ##
## --------- ##

hostname = os3
uname -m = x86_64
uname -r = 3.19.0-16-generic
uname -s = Linux
uname -v = #16-Ubuntu SMP Thu Apr 30 16:09:58 UTC 2015

/usr/bin/uname -p = unknown
/bin/uname -X     = unknown

/bin/arch              = unknown
/usr/bin/arch -k       = unknown
/usr/convex/getsysinfo = unknown
/usr/bin/hostinfo      = unknown
/bin/machine           = unknown
/usr/bin/oslevel       = unknown
/bin/universe          = unknown

PATH: /opt/abcross/armel/bin
PATH: /root/GNUstep/Tools
PATH: /bin
PATH: /usr/bin
PATH: /sbin
PATH: /usr/sbin
PATH: /root/bin


## ----------- ##
## Core tests. ##
## ----------- ##

configure:2372: checking for a BSD-compatible install
configure:2440: result: /bin/install -c
configure:2451: checking whether build environment is sane
configure:2506: result: yes
configure:2657: checking for a thread-safe mkdir -p
configure:2696: result: /bin/mkdir -p
configure:2703: checking for gawk
configure:2719: found /bin/gawk
configure:2730: result: gawk
configure:2741: checking whether make sets $(MAKE)
configure:2763: result: yes
configure:2792: checking whether make supports nested variables
configure:2809: result: yes
configure:2826: error: source directory already configured; run "make distclean" there first

## ---------------- ##
## Cache variables. ##
## ---------------- ##

ac_cv_env_CC_set=
ac_cv_env_CC_value=
ac_cv_env_CFLAGS_set=
ac_cv_env_CFLAGS_value=
ac_cv_env_CPPFLAGS_set=
ac_cv_env_CPPFLAGS_value=
ac_cv_env_CPP_set=
ac_cv_env_CPP_value=
ac_cv_env_FOP_set=
ac_cv_env_FOP_value=
ac_cv_env_LDFLAGS_set=
ac_cv_env_LDFLAGS_value=
ac_cv_env_LIBS_set=
ac_cv_env_LIBS_value=
ac_cv_env_LINT_FLAGS_set=
ac_cv_env_LINT_FLAGS_value=
ac_cv_env_LINT_set=
ac_cv_env_LINT_value=
ac_cv_env_PKG_CONFIG_LIBDIR_set=
ac_cv_env_PKG_CONFIG_LIBDIR_value=
ac_cv_env_PKG_CONFIG_PATH_set=
ac_cv_env_PKG_CONFIG_PATH_value=
ac_cv_env_PKG_CONFIG_set=
ac_cv_env_PKG_CONFIG_value=
ac_cv_env_XEXT_CFLAGS_set=
ac_cv_env_XEXT_CFLAGS_value=
ac_cv_env_XEXT_LIBS_set=
ac_cv_env_XEXT_LIBS_value=
ac_cv_env_XMLTO_set=
ac_cv_env_XMLTO_value=
ac_cv_env_XSLTPROC_set=
ac_cv_env_XSLTPROC_value=
ac_cv_env_build_alias_set=
ac_cv_env_build_alias_value=
ac_cv_env_host_alias_set=
ac_cv_env_host_alias_value=
ac_cv_env_target_alias_set=
ac_cv_env_target_alias_value=
ac_cv_path_install='/bin/install -c'
ac_cv_path_mkdir=/bin/mkdir
ac_cv_prog_AWK=gawk
ac_cv_prog_make_make_set=yes
am_cv_make_support_nested_variables=yes

## ----------------- ##
## Output variables. ##
## ----------------- ##

ACLOCAL=''
ADMIN_MAN_DIR=''
ADMIN_MAN_SUFFIX=''
AMDEPBACKSLASH=''
AMDEP_FALSE=''
AMDEP_TRUE=''
AMTAR=''
AM_BACKSLASH='\'
AM_DEFAULT_V='$(AM_DEFAULT_VERBOSITY)'
AM_DEFAULT_VERBOSITY='1'
AM_V='$(V)'
APP_MAN_DIR=''
APP_MAN_SUFFIX=''
AR=''
AUTOCONF=''
AUTOHEADER=''
AUTOMAKE=''
AWK='gawk'
BASE_CFLAGS=''
CC=''
CCDEPMODE=''
CFLAGS=''
CHANGELOG_CMD=''
CPP=''
CPPFLAGS=''
CWARNFLAGS=''
CYGPATH_W=''
DEFS=''
DEPDIR=''
DLLTOOL=''
DRIVER_MAN_DIR=''
DRIVER_MAN_SUFFIX=''
DSYMUTIL=''
DUMPBIN=''
ECHO_C=''
ECHO_N='-n'
ECHO_T=''
EGREP=''
ENABLE_SPECS_FALSE=''
ENABLE_SPECS_TRUE=''
EXEEXT=''
FGREP=''
FILE_MAN_DIR=''
FILE_MAN_SUFFIX=''
FOP=''
GREP=''
HAVE_FOP_FALSE=''
HAVE_FOP_TRUE=''
HAVE_STYLESHEETS_FALSE=''
HAVE_STYLESHEETS_TRUE=''
HAVE_XMLTO_FALSE=''
HAVE_XMLTO_TEXT_FALSE=''
HAVE_XMLTO_TEXT_TRUE=''
HAVE_XMLTO_TRUE=''
HAVE_XSLTPROC_FALSE=''
HAVE_XSLTPROC_TRUE=''
INSTALL_CMD=''
INSTALL_DATA='${INSTALL} -m 644'
INSTALL_PROGRAM='${INSTALL}'
INSTALL_SCRIPT='${INSTALL}'
INSTALL_STRIP_PROGRAM='$(install_sh) -c -s'
LD=''
LDFLAGS=''
LIBOBJS=''
LIBS=''
LIBTOOL=''
LIB_MAN_DIR=''
LIB_MAN_SUFFIX=''
LINT=''
LINTLIB=''
LINT_FALSE=''
LINT_FLAGS=''
LINT_TRUE=''
LIPO=''
LN_S=''
LTLIBOBJS=''
MAKEINFO=''
MAKE_LINT_LIB_FALSE=''
MAKE_LINT_LIB_TRUE=''
MALLOC_ZERO_CFLAGS=''
MANIFEST_TOOL=''
MAN_SUBSTS=''
MISC_MAN_DIR=''
MISC_MAN_SUFFIX=''
MKDIR_P='/bin/mkdir -p'
NM=''
NMEDIT=''
OBJDUMP=''
OBJEXT=''
OTOOL64=''
OTOOL=''
PACKAGE=''
PACKAGE_BUGREPORT='https://bugs.freedesktop.org/enter_bug.cgi?product=xorg'
PACKAGE_NAME='libXext'
PACKAGE_STRING='libXext 1.3.3'
PACKAGE_TARNAME='libXext'
PACKAGE_URL=''
PACKAGE_VERSION='1.3.3'
PATH_SEPARATOR=':'
PKG_CONFIG=''
PKG_CONFIG_LIBDIR=''
PKG_CONFIG_PATH=''
RANLIB=''
SED=''
SET_MAKE=''
SHELL='/bin/sh'
STRICT_CFLAGS=''
STRIP=''
STYLESHEET_SRCDIR=''
VERSION=''
XEXT_CFLAGS=''
XEXT_LIBS=''
XEXT_SOREV=''
XMALLOC_ZERO_CFLAGS=''
XMLTO=''
XORG_MAN_PAGE=''
XORG_SGML_PATH=''
XSLTPROC=''
XSL_STYLESHEET=''
XTMALLOC_ZERO_CFLAGS=''
ac_ct_AR=''
ac_ct_CC=''
ac_ct_DUMPBIN=''
am__EXEEXT_FALSE=''
am__EXEEXT_TRUE=''
am__fastdepCC_FALSE=''
am__fastdepCC_TRUE=''
am__include=''
am__isrc=' -I$(srcdir)'
am__leading_dot='.'
am__nodep=''
am__quote=''
am__tar=''
am__untar=''
bindir='${exec_prefix}/bin'
build=''
build_alias=''
build_cpu=''
build_os=''
build_vendor=''
datadir='${datarootdir}'
datarootdir='${prefix}/share'
docdir='${datarootdir}/doc/${PACKAGE_TARNAME}'
dvidir='${docdir}'
exec_prefix='NONE'
host=''
host_alias=''
host_cpu=''
host_os=''
host_vendor=''
htmldir='${docdir}'
includedir='${prefix}/include'
infodir='${datarootdir}/info'
install_sh='${SHELL} /var/lib/abbs/build/tmp.W3XbXWpTRE/dummy/libXext-1.3.3/install-sh'
libdir='${exec_prefix}/lib'
libexecdir='${exec_prefix}/libexec'
localedir='${datarootdir}/locale'
localstatedir='${prefix}/var'
mandir='${datarootdir}/man'
mkdir_p=''
oldincludedir='/usr/include'
pdfdir='${docdir}'
prefix='NONE'
program_transform_name='s,x,x,'
psdir='${docdir}'
sbindir='${exec_prefix}/sbin'
sharedstatedir='${prefix}/com'
sysconfdir='${prefix}/etc'
target_alias=''

## ----------- ##
## confdefs.h. ##
## ----------- ##

/* confdefs.h */
#define PACKAGE_NAME "libXext"
#define PACKAGE_TARNAME "libXext"
#define PACKAGE_VERSION "1.3.3"
#define PACKAGE_STRING "libXext 1.3.3"
#define PACKAGE_BUGREPORT "https://bugs.freedesktop.org/enter_bug.cgi?product=xorg"
#define PACKAGE_URL ""

configure: exit 1
